# JRE version: Java(TM) SE Runtime Environment (8.0_251-b08) (build 1.8.0_251-b08)
# Java VM: Java HotSpot(TM) 64-Bit Server VM (25.251-b08 mixed mode windows-amd64 compressed oops)
Heap:
 PSYoungGen      total 261632K, used 41290K [0x00000000d6c00000, 0x00000000ed280000, 0x0000000100000000)
  eden space 249856K, 16% used [0x00000000d6c00000,0x00000000d9452ae0,0x00000000e6000000)
  from space 11776K, 0% used [0x00000000e6000000,0x00000000e6000000,0x00000000e6b80000)
  to   space 13824K, 0% used [0x00000000ec500000,0x00000000ec500000,0x00000000ed280000)
 ParOldGen       total 67072K, used 16616K [0x0000000084400000, 0x0000000088580000, 0x00000000d6c00000)
  object space 67072K, 24% used [0x0000000084400000,0x000000008543a288,0x0000000088580000)
 Metaspace       used 37327K, capacity 39700K, committed 40016K, reserved 1085440K
  class space    used 5223K, capacity 5665K, committed 5760K, reserved 1048576K
GC Heap History (10 events):
Event: 0.962 GC heap before
{Heap before GC invocations=7 (full 0):
 PSYoungGen      total 136704K, used 10403K [0x00000000d6c00000, 0x00000000dfb00000, 0x0000000100000000)
  eden space 126976K, 3% used [0x00000000d6c00000,0x00000000d6ff9a20,0x00000000de800000)
  from space 9728K, 65% used [0x00000000df180000,0x00000000df7af358,0x00000000dfb00000)
  to   space 9728K, 0% used [0x00000000de800000,0x00000000de800000,0x00000000df180000)
 ParOldGen       total 84992K, used 5266K [0x0000000084400000, 0x0000000089700000, 0x00000000d6c00000)
  object space 84992K, 6% used [0x0000000084400000,0x0000000084924808,0x0000000089700000)
 Metaspace       used 20574K, capacity 21402K, committed 21628K, reserved 1069056K
  class space    used 2770K, capacity 2967K, committed 3072K, reserved 1048576K
Event: 0.967 GC heap after
Heap after GC invocations=7 (full 0):
 PSYoungGen      total 136704K, used 3798K [0x00000000d6c00000, 0x00000000e7700000, 0x0000000100000000)
  eden space 126976K, 0% used [0x00000000d6c00000,0x00000000d6c00000,0x00000000de800000)
  from space 9728K, 39% used [0x00000000de800000,0x00000000debb5900,0x00000000df180000)
  to   space 9728K, 0% used [0x00000000e6d80000,0x00000000e6d80000,0x00000000e7700000)
 ParOldGen       total 84992K, used 7188K [0x0000000084400000, 0x0000000089700000, 0x00000000d6c00000)
  object space 84992K, 8% used [0x0000000084400000,0x0000000084b052a0,0x0000000089700000)
 Metaspace       used 20574K, capacity 21402K, committed 21628K, reserved 1069056K
  class space    used 2770K, capacity 2967K, committed 3072K, reserved 1048576K
}
Event: 0.967 GC heap before
{Heap before GC invocations=8 (full 1):
 PSYoungGen      total 136704K, used 3798K [0x00000000d6c00000, 0x00000000e7700000, 0x0000000100000000)
  eden space 126976K, 0% used [0x00000000d6c00000,0x00000000d6c00000,0x00000000de800000)
  from space 9728K, 39% used [0x00000000de800000,0x00000000debb5900,0x00000000df180000)
  to   space 9728K, 0% used [0x00000000e6d80000,0x00000000e6d80000,0x00000000e7700000)
 ParOldGen       total 84992K, used 7188K [0x0000000084400000, 0x0000000089700000, 0x00000000d6c00000)
  object space 84992K, 8% used [0x0000000084400000,0x0000000084b052a0,0x0000000089700000)
 Metaspace       used 20574K, capacity 21402K, committed 21628K, reserved 1069056K
  class space    used 2770K, capacity 2967K, committed 3072K, reserved 1048576K
Event: 0.994 GC heap after
Heap after GC invocations=8 (full 1):
 PSYoungGen      total 136704K, used 0K [0x00000000d6c00000, 0x00000000e7700000, 0x0000000100000000)
  eden space 126976K, 0% used [0x00000000d6c00000,0x00000000d6c00000,0x00000000de800000)
  from space 9728K, 0% used [0x00000000de800000,0x00000000de800000,0x00000000df180000)
  to   space 9728K, 0% used [0x00000000e6d80000,0x00000000e6d80000,0x00000000e7700000)
 ParOldGen       total 46592K, used 5974K [0x0000000084400000, 0x0000000087180000, 0x00000000d6c00000)
  object space 46592K, 12% used [0x0000000084400000,0x00000000849d5ad8,0x0000000087180000)
 Metaspace       used 20574K, capacity 21402K, committed 21628K, reserved 1069056K
  class space    used 2770K, capacity 2967K, committed 3072K, reserved 1048576K
}
Event: 1.610 GC heap before
{Heap before GC invocations=9 (full 1):
 PSYoungGen      total 136704K, used 126976K [0x00000000d6c00000, 0x00000000e7700000, 0x0000000100000000)
  eden space 126976K, 100% used [0x00000000d6c00000,0x00000000de800000,0x00000000de800000)
  from space 9728K, 0% used [0x00000000de800000,0x00000000de800000,0x00000000df180000)
  to   space 9728K, 0% used [0x00000000e6d80000,0x00000000e6d80000,0x00000000e7700000)
 ParOldGen       total 46592K, used 5974K [0x0000000084400000, 0x0000000087180000, 0x00000000d6c00000)
  object space 46592K, 12% used [0x0000000084400000,0x00000000849d5ad8,0x0000000087180000)
 Metaspace       used 27114K, capacity 28666K, committed 28928K, reserved 1075200K
  class space    used 3770K, capacity 4089K, committed 4096K, reserved 1048576K
Event: 1.620 GC heap after
Heap after GC invocations=9 (full 1):
 PSYoungGen      total 240640K, used 9710K [0x00000000d6c00000, 0x00000000e7700000, 0x0000000100000000)
  eden space 230912K, 0% used [0x00000000d6c00000,0x00000000d6c00000,0x00000000e4d80000)
  from space 9728K, 99% used [0x00000000e6d80000,0x00000000e76fbab0,0x00000000e7700000)
  to   space 11776K, 0% used [0x00000000e6000000,0x00000000e6000000,0x00000000e6b80000)
 ParOldGen       total 46592K, used 7683K [0x0000000084400000, 0x0000000087180000, 0x00000000d6c00000)
  object space 46592K, 16% used [0x0000000084400000,0x0000000084b80cf0,0x0000000087180000)
 Metaspace       used 27114K, capacity 28666K, committed 28928K, reserved 1075200K
  class space    used 3770K, capacity 4089K, committed 4096K, reserved 1048576K
}
Event: 1.983 GC heap before
{Heap before GC invocations=10 (full 1):
 PSYoungGen      total 240640K, used 163428K [0x00000000d6c00000, 0x00000000e7700000, 0x0000000100000000)
  eden space 230912K, 66% used [0x00000000d6c00000,0x00000000e021d828,0x00000000e4d80000)
  from space 9728K, 99% used [0x00000000e6d80000,0x00000000e76fbab0,0x00000000e7700000)
  to   space 11776K, 0% used [0x00000000e6000000,0x00000000e6000000,0x00000000e6b80000)
 ParOldGen       total 46592K, used 7683K [0x0000000084400000, 0x0000000087180000, 0x00000000d6c00000)
  object space 46592K, 16% used [0x0000000084400000,0x0000000084b80cf0,0x0000000087180000)
 Metaspace       used 33717K, capacity 35916K, committed 36048K, reserved 1081344K
  class space    used 4618K, capacity 5037K, committed 5120K, reserved 1048576K
Event: 1.992 GC heap after
Heap after GC invocations=10 (full 1):
 PSYoungGen      total 261632K, used 11762K [0x00000000d6c00000, 0x00000000ed280000, 0x0000000100000000)
  eden space 249856K, 0% used [0x00000000d6c00000,0x00000000d6c00000,0x00000000e6000000)
  from space 11776K, 99% used [0x00000000e6000000,0x00000000e6b7c920,0x00000000e6b80000)
  to   space 13824K, 0% used [0x00000000ec500000,0x00000000ec500000,0x00000000ed280000)
 ParOldGen       total 46592K, used 8077K [0x0000000084400000, 0x0000000087180000, 0x00000000d6c00000)
  object space 46592K, 17% used [0x0000000084400000,0x0000000084be3440,0x0000000087180000)
 Metaspace       used 33717K, capacity 35916K, committed 36048K, reserved 1081344K
  class space    used 4618K, capacity 5037K, committed 5120K, reserved 1048576K
}
Event: 1.992 GC heap before
{Heap before GC invocations=11 (full 2):
 PSYoungGen      total 261632K, used 11762K [0x00000000d6c00000, 0x00000000ed280000, 0x0000000100000000)
  eden space 249856K, 0% used [0x00000000d6c00000,0x00000000d6c00000,0x00000000e6000000)
  from space 11776K, 99% used [0x00000000e6000000,0x00000000e6b7c920,0x00000000e6b80000)
  to   space 13824K, 0% used [0x00000000ec500000,0x00000000ec500000,0x00000000ed280000)
 ParOldGen       total 46592K, used 8077K [0x0000000084400000, 0x0000000087180000, 0x00000000d6c00000)
  object space 46592K, 17% used [0x0000000084400000,0x0000000084be3440,0x0000000087180000)
 Metaspace       used 33717K, capacity 35916K, committed 36048K, reserved 1081344K
  class space    used 4618K, capacity 5037K, committed 5120K, reserved 1048576K
Event: 2.038 GC heap after
Heap after GC invocations=11 (full 2):
 PSYoungGen      total 261632K, used 0K [0x00000000d6c00000, 0x00000000ed280000, 0x0000000100000000)
  eden space 249856K, 0% used [0x00000000d6c00000,0x00000000d6c00000,0x00000000e6000000)
  from space 11776K, 0% used [0x00000000e6000000,0x00000000e6000000,0x00000000e6b80000)
  to   space 13824K, 0% used [0x00000000ec500000,0x00000000ec500000,0x00000000ed280000)
 ParOldGen       total 67072K, used 16616K [0x0000000084400000, 0x0000000088580000, 0x00000000d6c00000)
  object space 67072K, 24% used [0x0000000084400000,0x000000008543a288,0x0000000088580000)
 Metaspace       used 33717K, capacity 35916K, committed 36048K, reserved 1081344K
  class space    used 4618K, capacity 5037K, committed 5120K, reserved 1048576K
}

